This is pdfTeX, Version 3.1415926-2.3-1.40.12 (MiKTeX 2.9) (preloaded format=pdflatex 2018.12.1)  22 SEP 2019 18:29
entering extended mode
**E:/Topics*on*scattering*amplitudes/TopicsOnScatteringAmplitudes/TopicsOnScatt
ering.tex

("E:/Topics on scattering amplitudes/TopicsOnScatteringAmplitudes/TopicsOnScatt
ering.tex"
LaTeX2e <2011/06/27>
Babel <v3.8m> and hyphenation patterns for loaded.
(C:\CTEX\MiKTeX\tex\latex\base\article.cls
Document Class: article 2007/10/19 v1.4h Standard LaTeX document class
(C:\CTEX\MiKTeX\tex\latex\base\size11.clo
File: size11.clo 2007/10/19 v1.4h Standard LaTeX file (size option)
)
\c@part=\count79
\c@section=\count80
\c@subsection=\count81
\c@subsubsection=\count82
\c@paragraph=\count83
\c@subparagraph=\count84
\c@figure=\count85
\c@table=\count86
\abovecaptionskip=\skip41
\belowcaptionskip=\skip42
\bibindent=\dimen102
)
(C:\CTEX\MiKTeX\tex\latex\cancel\cancel.sty
Package: cancel 2000/03/12 v2.1 Cancel math terms
)
(C:\CTEX\MiKTeX\tex\latex\enumitem\enumitem.sty
Package: enumitem 2011/09/28 v3.5.2 Customized lists
\enitkv@toks@=\toks14
\labelindent=\skip43
\enit@outerparindent=\dimen103
\enit@toks=\toks15
\enit@inbox=\box26
\enitdp@description=\count87
)
(C:\CTEX\MiKTeX\tex\latex\misc\etex.sty
Package: etex 1998/03/26 v2.0 eTeX basic definition package (PEB)
\et@xins=\count88
)
(C:\CTEX\MiKTeX\tex\latex\ams\classes\amsthm.sty
Package: amsthm 2004/08/06 v2.20
\thm@style=\toks16
\thm@bodyfont=\toks17
\thm@headfont=\toks18
\thm@notefont=\toks19
\thm@headpunct=\toks20
\thm@preskip=\skip44
\thm@postskip=\skip45
\thm@headsep=\skip46
\dth@everypar=\toks21
)
(C:\CTEX\MiKTeX\tex\latex\geometry\geometry.sty
Package: geometry 2010/09/12 v5.6 Page Geometry

(C:\CTEX\MiKTeX\tex\latex\graphics\keyval.sty
Package: keyval 1999/03/16 v1.13 key=value parser (DPC)
\KV@toks@=\toks22
)
(C:\CTEX\MiKTeX\tex\generic\oberdiek\ifpdf.sty
Package: ifpdf 2011/01/30 v2.3 Provides the ifpdf switch (HO)
Package ifpdf Info: pdfTeX in PDF mode is detected.
)
(C:\CTEX\MiKTeX\tex\generic\oberdiek\ifvtex.sty
Package: ifvtex 2010/03/01 v1.5 Switches for detecting VTeX and its modes (HO)
Package ifvtex Info: VTeX not detected.
)
(C:\CTEX\MiKTeX\tex\generic\ifxetex\ifxetex.sty
Package: ifxetex 2010/09/12 v0.6 Provides ifxetex conditional
)
\Gm@cnth=\count89
\Gm@cntv=\count90
\c@Gm@tempcnt=\count91
\Gm@bindingoffset=\dimen104
\Gm@wd@mp=\dimen105
\Gm@odd@mp=\dimen106
\Gm@even@mp=\dimen107
\Gm@layoutwidth=\dimen108
\Gm@layoutheight=\dimen109
\Gm@layouthoffset=\dimen110
\Gm@layoutvoffset=\dimen111
\Gm@dimlist=\toks23

(C:\CTEX\MiKTeX\tex\latex\geometry\geometry.cfg))
(C:\CTEX\MiKTeX\tex\latex\tools\dcolumn.sty
Package: dcolumn 2001/05/28 v1.06 decimal alignment package (DPC)

(C:\CTEX\MiKTeX\tex\latex\tools\array.sty
Package: array 2008/09/09 v2.4c Tabular extension package (FMi)
\col@sep=\dimen112
\extrarowheight=\dimen113
\NC@list=\toks24
\extratabsurround=\skip47
\backup@length=\skip48
))
(C:\CTEX\MiKTeX\tex\latex\epsf\epsf.sty
This is `epsf.tex' v2.7.4 <14 February 2011>
\epsffilein=\read1
\epsfframemargin=\dimen114
\epsfframethickness=\dimen115
\epsfrsize=\dimen116
\epsftmp=\dimen117
\epsftsize=\dimen118
\epsfxsize=\dimen119
\epsfysize=\dimen120
\pspoints=\dimen121
) (C:\CTEX\MiKTeX\tex\latex\jknappen\mathrsfs.sty
Package: mathrsfs 1996/01/01 Math RSFS package v1.0 (jk)
\symrsfs=\mathgroup4
)
(C:\CTEX\MiKTeX\tex\latex\multirow\multirow.sty
\bigstrutjot=\dimen122
)
(C:\CTEX\MiKTeX\tex\latex\booktabs\booktabs.sty
Package: booktabs 2005/04/14 v1.61803 publication quality tables
\heavyrulewidth=\dimen123
\lightrulewidth=\dimen124
\cmidrulewidth=\dimen125
\belowrulesep=\dimen126
\belowbottomsep=\dimen127
\aboverulesep=\dimen128
\abovetopsep=\dimen129
\cmidrulesep=\dimen130
\cmidrulekern=\dimen131
\defaultaddspace=\dimen132
\@cmidla=\count92
\@cmidlb=\count93
\@aboverulesep=\dimen133
\@belowrulesep=\dimen134
\@thisruleclass=\count94
\@lastruleclass=\count95
\@thisrulewidth=\dimen135
)
(C:\CTEX\MiKTeX\tex\latex\tools\tabularx.sty
Package: tabularx 1999/01/07 v2.07 `tabularx' package (DPC)
\TX@col@width=\dimen136
\TX@old@table=\dimen137
\TX@old@col=\dimen138
\TX@target=\dimen139
\TX@delta=\dimen140
\TX@cols=\count96
\TX@ftn=\toks25
)
(C:\CTEX\MiKTeX\tex\latex\carlisle\slashed.sty
Package: slashed 1997/01/16 v0.01 Feynman Slashed Character Notation (DPC)
)
(C:\CTEX\MiKTeX\tex\latex\float\float.sty
Package: float 2001/11/08 v1.3d Float enhancements (AL)
\c@float@type=\count97
\float@exts=\toks26
\float@box=\box27
\@float@everytoks=\toks27
\@floatcapt=\box28
)
(C:\CTEX\MiKTeX\tex\latex\leftidx\leftidx.sty
Package: leftidx 2003/09/24 v1.03 Left indices
)
(C:\CTEX\MiKTeX\tex\latex\setspace\setspace.sty
Package: setspace 2011/12/19 v6.7a set line spacing
)
(C:\CTEX\MiKTeX\tex\latex\tools\verbatim.sty
Package: verbatim 2003/08/22 v1.5q LaTeX2e package for verbatim enhancements
\every@verbatim=\toks28
\verbatim@line=\toks29
\verbatim@in@stream=\read2
)
(C:\CTEX\MiKTeX\tex\latex\adjustbox\adjustbox.sty
Package: adjustbox 2011/11/14 v0.8 Adjusting TeX boxes (trim, clip, ...)

(C:\CTEX\MiKTeX\tex\latex\xkeyval\xkeyval.sty
Package: xkeyval 2008/08/13 v2.6a package option processing (HA)

(C:\CTEX\MiKTeX\tex\generic\xkeyval\xkeyval.tex
\XKV@toks=\toks30
\XKV@tempa@toks=\toks31
\XKV@depth=\count98
File: xkeyval.tex 2008/08/13 v2.6a key=value parser (HA)
))
(C:\CTEX\MiKTeX\tex\latex\adjustbox\adjcalc.sty)
(C:\CTEX\MiKTeX\tex\latex\graphics\graphicx.sty
Package: graphicx 1999/02/16 v1.0f Enhanced LaTeX Graphics (DPC,SPQR)

(C:\CTEX\MiKTeX\tex\latex\graphics\graphics.sty
Package: graphics 2009/02/05 v1.0o Standard LaTeX Graphics (DPC,SPQR)

(C:\CTEX\MiKTeX\tex\latex\graphics\trig.sty
Package: trig 1999/03/16 v1.09 sin cos tan (DPC)
)
(C:\CTEX\MiKTeX\tex\latex\00miktex\graphics.cfg
File: graphics.cfg 2007/01/18 v1.5 graphics configuration of teTeX/TeXLive
)
Package graphics Info: Driver file: pdftex.def on input line 91.

(C:\CTEX\MiKTeX\tex\latex\pdftex-def\pdftex.def
File: pdftex.def 2011/05/27 v0.06d Graphics/color for pdfTeX

(C:\CTEX\MiKTeX\tex\generic\oberdiek\infwarerr.sty
Package: infwarerr 2010/04/08 v1.3 Providing info/warning/message (HO)
)
(C:\CTEX\MiKTeX\tex\generic\oberdiek\ltxcmds.sty
Package: ltxcmds 2011/04/18 v1.20 LaTeX kernel commands for general use (HO)
)
\Gread@gobject=\count99
))
\Gin@req@height=\dimen141
\Gin@req@width=\dimen142
)
(C:\CTEX\MiKTeX\tex\latex\collectbox\collectbox.sty
Package: collectbox 2011/08/23 v0.4 Collect macro arguments as boxes
\collectedbox=\box29
)
\adjbox@tllx=\dimen143
\adjbox@tlly=\dimen144
\adjbox@turx=\dimen145
\adjbox@tury=\dimen146
\adjbox@Width=\dimen147
\adjbox@Height=\dimen148
\adjbox@Depth=\dimen149
\adjbox@Totalheight=\dimen150
Package adjustbox Info: Using driver 'adjpdftex.def'. on input line 290.

(C:\CTEX\MiKTeX\tex\latex\adjustbox\adjpdftex.def
File: adjpdftex.def 2011/11/14 v0.8 adjustbox clip driver for pdftex
)
(C:\CTEX\MiKTeX\tex\latex\ltxmisc\varwidth.sty
Package: varwidth 2009/03/30 ver 0.92;  Variable-width minipages
\@vwid@box=\box30
\sift@deathcycles=\count100
\@vwid@loff=\dimen151
\@vwid@roff=\dimen152
))
(C:\CTEX\MiKTeX\tex\latex\pgf\frontendlayer\tikz.sty
(C:\CTEX\MiKTeX\tex\latex\pgf\basiclayer\pgf.sty
(C:\CTEX\MiKTeX\tex\latex\pgf\utilities\pgfrcs.sty
(C:\CTEX\MiKTeX\tex\generic\pgf\utilities\pgfutil-common.tex
\pgfutil@everybye=\toks32
)
(C:\CTEX\MiKTeX\tex\generic\pgf\utilities\pgfutil-latex.def
\pgfutil@abb=\box31

(C:\CTEX\MiKTeX\tex\latex\ms\everyshi.sty
Package: everyshi 2001/05/15 v3.00 EveryShipout Package (MS)
))
(C:\CTEX\MiKTeX\tex\generic\pgf\utilities\pgfrcs.code.tex
Package: pgfrcs 2010/10/25 v2.10 (rcs-revision 1.24)
))
Package: pgf 2008/01/15 v2.10 (rcs-revision 1.12)

(C:\CTEX\MiKTeX\tex\latex\pgf\basiclayer\pgfcore.sty
(C:\CTEX\MiKTeX\tex\latex\pgf\systemlayer\pgfsys.sty
(C:\CTEX\MiKTeX\tex\generic\pgf\systemlayer\pgfsys.code.tex
Package: pgfsys 2010/06/30 v2.10 (rcs-revision 1.37)

(C:\CTEX\MiKTeX\tex\generic\pgf\utilities\pgfkeys.code.tex
\pgfkeys@pathtoks=\toks33
\pgfkeys@temptoks=\toks34

(C:\CTEX\MiKTeX\tex\generic\pgf\utilities\pgfkeysfiltered.code.tex
\pgfkeys@tmptoks=\toks35
))
\pgf@x=\dimen153
\pgf@y=\dimen154
\pgf@xa=\dimen155
\pgf@ya=\dimen156
\pgf@xb=\dimen157
\pgf@yb=\dimen158
\pgf@xc=\dimen159
\pgf@yc=\dimen160
\w@pgf@writea=\write3
\r@pgf@reada=\read3
\c@pgf@counta=\count101
\c@pgf@countb=\count102
\c@pgf@countc=\count103
\c@pgf@countd=\count104

(C:\CTEX\MiKTeX\tex\generic\pgf\systemlayer\pgf.cfg
File: pgf.cfg 2008/05/14  (rcs-revision 1.7)
)
Package pgfsys Info: Driver file for pgf: pgfsys-pdftex.def on input line 900.

(C:\CTEX\MiKTeX\tex\generic\pgf\systemlayer\pgfsys-pdftex.def
File: pgfsys-pdftex.def 2009/05/22  (rcs-revision 1.26)

(C:\CTEX\MiKTeX\tex\generic\pgf\systemlayer\pgfsys-common-pdf.def
File: pgfsys-common-pdf.def 2008/05/19  (rcs-revision 1.10)
)))
(C:\CTEX\MiKTeX\tex\generic\pgf\systemlayer\pgfsyssoftpath.code.tex
File: pgfsyssoftpath.code.tex 2008/07/18  (rcs-revision 1.7)
\pgfsyssoftpath@smallbuffer@items=\count105
\pgfsyssoftpath@bigbuffer@items=\count106
)
(C:\CTEX\MiKTeX\tex\generic\pgf\systemlayer\pgfsysprotocol.code.tex
File: pgfsysprotocol.code.tex 2006/10/16  (rcs-revision 1.4)
))
(C:\CTEX\MiKTeX\tex\latex\xcolor\xcolor.sty
Package: xcolor 2007/01/21 v2.11 LaTeX color extensions (UK)

(C:\CTEX\MiKTeX\tex\latex\00miktex\color.cfg
File: color.cfg 2007/01/18 v1.5 color configuration of teTeX/TeXLive
)
Package xcolor Info: Driver file: pdftex.def on input line 225.
Package xcolor Info: Model `cmy' substituted by `cmy0' on input line 1337.
Package xcolor Info: Model `hsb' substituted by `rgb' on input line 1341.
Package xcolor Info: Model `RGB' extended on input line 1353.
Package xcolor Info: Model `HTML' substituted by `rgb' on input line 1355.
Package xcolor Info: Model `Hsb' substituted by `hsb' on input line 1356.
Package xcolor Info: Model `tHsb' substituted by `hsb' on input line 1357.
Package xcolor Info: Model `HSB' substituted by `hsb' on input line 1358.
Package xcolor Info: Model `Gray' substituted by `gray' on input line 1359.
Package xcolor Info: Model `wave' substituted by `hsb' on input line 1360.
)
(C:\CTEX\MiKTeX\tex\generic\pgf\basiclayer\pgfcore.code.tex
Package: pgfcore 2010/04/11 v2.10 (rcs-revision 1.7)

(C:\CTEX\MiKTeX\tex\generic\pgf\math\pgfmath.code.tex
(C:\CTEX\MiKTeX\tex\generic\pgf\math\pgfmathcalc.code.tex
(C:\CTEX\MiKTeX\tex\generic\pgf\math\pgfmathutil.code.tex)
(C:\CTEX\MiKTeX\tex\generic\pgf\math\pgfmathparser.code.tex
\pgfmath@dimen=\dimen161
\pgfmath@count=\count107
\pgfmath@box=\box32
\pgfmath@toks=\toks36
\pgfmath@stack@operand=\toks37
\pgfmath@stack@operation=\toks38
)
(C:\CTEX\MiKTeX\tex\generic\pgf\math\pgfmathfunctions.code.tex
(C:\CTEX\MiKTeX\tex\generic\pgf\math\pgfmathfunctions.basic.code.tex)
(C:\CTEX\MiKTeX\tex\generic\pgf\math\pgfmathfunctions.trigonometric.code.tex)
(C:\CTEX\MiKTeX\tex\generic\pgf\math\pgfmathfunctions.random.code.tex)
(C:\CTEX\MiKTeX\tex\generic\pgf\math\pgfmathfunctions.comparison.code.tex)
(C:\CTEX\MiKTeX\tex\generic\pgf\math\pgfmathfunctions.base.code.tex)
(C:\CTEX\MiKTeX\tex\generic\pgf\math\pgfmathfunctions.round.code.tex)
(C:\CTEX\MiKTeX\tex\generic\pgf\math\pgfmathfunctions.misc.code.tex)))
(C:\CTEX\MiKTeX\tex\generic\pgf\math\pgfmathfloat.code.tex
\c@pgfmathroundto@lastzeros=\count108
))
(C:\CTEX\MiKTeX\tex\generic\pgf\basiclayer\pgfcorepoints.code.tex
File: pgfcorepoints.code.tex 2010/04/09  (rcs-revision 1.20)
\pgf@picminx=\dimen162
\pgf@picmaxx=\dimen163
\pgf@picminy=\dimen164
\pgf@picmaxy=\dimen165
\pgf@pathminx=\dimen166
\pgf@pathmaxx=\dimen167
\pgf@pathminy=\dimen168
\pgf@pathmaxy=\dimen169
\pgf@xx=\dimen170
\pgf@xy=\dimen171
\pgf@yx=\dimen172
\pgf@yy=\dimen173
\pgf@zx=\dimen174
\pgf@zy=\dimen175
)
(C:\CTEX\MiKTeX\tex\generic\pgf\basiclayer\pgfcorepathconstruct.code.tex
File: pgfcorepathconstruct.code.tex 2010/08/03  (rcs-revision 1.24)
\pgf@path@lastx=\dimen176
\pgf@path@lasty=\dimen177
)
(C:\CTEX\MiKTeX\tex\generic\pgf\basiclayer\pgfcorepathusage.code.tex
File: pgfcorepathusage.code.tex 2008/04/22  (rcs-revision 1.12)
\pgf@shorten@end@additional=\dimen178
\pgf@shorten@start@additional=\dimen179
)
(C:\CTEX\MiKTeX\tex\generic\pgf\basiclayer\pgfcorescopes.code.tex
File: pgfcorescopes.code.tex 2010/09/08  (rcs-revision 1.34)
\pgfpic=\box33
\pgf@hbox=\box34
\pgf@layerbox@main=\box35
\pgf@picture@serial@count=\count109
)
(C:\CTEX\MiKTeX\tex\generic\pgf\basiclayer\pgfcoregraphicstate.code.tex
File: pgfcoregraphicstate.code.tex 2008/04/22  (rcs-revision 1.9)
\pgflinewidth=\dimen180
)
(C:\CTEX\MiKTeX\tex\generic\pgf\basiclayer\pgfcoretransformations.code.tex
File: pgfcoretransformations.code.tex 2009/06/10  (rcs-revision 1.11)
\pgf@pt@x=\dimen181
\pgf@pt@y=\dimen182
\pgf@pt@temp=\dimen183
)
(C:\CTEX\MiKTeX\tex\generic\pgf\basiclayer\pgfcorequick.code.tex
File: pgfcorequick.code.tex 2008/10/09  (rcs-revision 1.3)
)
(C:\CTEX\MiKTeX\tex\generic\pgf\basiclayer\pgfcoreobjects.code.tex
File: pgfcoreobjects.code.tex 2006/10/11  (rcs-revision 1.2)
)
(C:\CTEX\MiKTeX\tex\generic\pgf\basiclayer\pgfcorepathprocessing.code.tex
File: pgfcorepathprocessing.code.tex 2008/10/09  (rcs-revision 1.8)
)
(C:\CTEX\MiKTeX\tex\generic\pgf\basiclayer\pgfcorearrows.code.tex
File: pgfcorearrows.code.tex 2008/04/23  (rcs-revision 1.11)
)
(C:\CTEX\MiKTeX\tex\generic\pgf\basiclayer\pgfcoreshade.code.tex
File: pgfcoreshade.code.tex 2008/11/23  (rcs-revision 1.13)
\pgf@max=\dimen184
\pgf@sys@shading@range@num=\count110
)
(C:\CTEX\MiKTeX\tex\generic\pgf\basiclayer\pgfcoreimage.code.tex
File: pgfcoreimage.code.tex 2010/03/25  (rcs-revision 1.16)

(C:\CTEX\MiKTeX\tex\generic\pgf\basiclayer\pgfcoreexternal.code.tex
File: pgfcoreexternal.code.tex 2010/09/01  (rcs-revision 1.17)
\pgfexternal@startupbox=\box36
))
(C:\CTEX\MiKTeX\tex\generic\pgf\basiclayer\pgfcorelayers.code.tex
File: pgfcorelayers.code.tex 2010/08/27  (rcs-revision 1.2)
)
(C:\CTEX\MiKTeX\tex\generic\pgf\basiclayer\pgfcoretransparency.code.tex
File: pgfcoretransparency.code.tex 2008/01/17  (rcs-revision 1.2)
)
(C:\CTEX\MiKTeX\tex\generic\pgf\basiclayer\pgfcorepatterns.code.tex
File: pgfcorepatterns.code.tex 2009/07/02  (rcs-revision 1.3)
)))
(C:\CTEX\MiKTeX\tex\generic\pgf\modules\pgfmoduleshapes.code.tex
File: pgfmoduleshapes.code.tex 2010/09/09  (rcs-revision 1.13)
\pgfnodeparttextbox=\box37
)
(C:\CTEX\MiKTeX\tex\generic\pgf\modules\pgfmoduleplot.code.tex
File: pgfmoduleplot.code.tex 2010/10/22  (rcs-revision 1.8)
)
(C:\CTEX\MiKTeX\tex\latex\pgf\compatibility\pgfcomp-version-0-65.sty
Package: pgfcomp-version-0-65 2007/07/03 v2.10 (rcs-revision 1.7)
\pgf@nodesepstart=\dimen185
\pgf@nodesepend=\dimen186
)
(C:\CTEX\MiKTeX\tex\latex\pgf\compatibility\pgfcomp-version-1-18.sty
Package: pgfcomp-version-1-18 2007/07/23 v2.10 (rcs-revision 1.1)
))
(C:\CTEX\MiKTeX\tex\latex\pgf\utilities\pgffor.sty
(C:\CTEX\MiKTeX\tex\latex\pgf\utilities\pgfkeys.sty
(C:\CTEX\MiKTeX\tex\generic\pgf\utilities\pgfkeys.code.tex))
(C:\CTEX\MiKTeX\tex\generic\pgf\utilities\pgffor.code.tex
Package: pgffor 2010/03/23 v2.10 (rcs-revision 1.18)
\pgffor@iter=\dimen187
\pgffor@skip=\dimen188
\pgffor@stack=\toks39
\pgffor@toks=\toks40
))
(C:\CTEX\MiKTeX\tex\generic\pgf\frontendlayer\tikz\tikz.code.tex
Package: tikz 2010/10/13 v2.10 (rcs-revision 1.76)

(C:\CTEX\MiKTeX\tex\generic\pgf\libraries\pgflibraryplothandlers.code.tex
File: pgflibraryplothandlers.code.tex 2010/05/31 v2.10 (rcs-revision 1.15)
\pgf@plot@mark@count=\count111
\pgfplotmarksize=\dimen189
)
\tikz@lastx=\dimen190
\tikz@lasty=\dimen191
\tikz@lastxsaved=\dimen192
\tikz@lastysaved=\dimen193
\tikzleveldistance=\dimen194
\tikzsiblingdistance=\dimen195
\tikz@figbox=\box38
\tikz@tempbox=\box39
\tikztreelevel=\count112
\tikznumberofchildren=\count113
\tikznumberofcurrentchild=\count114
\tikz@fig@count=\count115

(C:\CTEX\MiKTeX\tex\generic\pgf\modules\pgfmodulematrix.code.tex
File: pgfmodulematrix.code.tex 2010/08/24  (rcs-revision 1.4)
\pgfmatrixcurrentrow=\count116
\pgfmatrixcurrentcolumn=\count117
\pgf@matrix@numberofcolumns=\count118
)
\tikz@expandcount=\count119

(C:\CTEX\MiKTeX\tex\generic\pgf\frontendlayer\tikz\libraries\tikzlibrarytopaths
.code.tex
File: tikzlibrarytopaths.code.tex 2008/06/17 v2.10 (rcs-revision 1.2)
))) (C:\CTEX\MiKTeX\tex\latex\subfig\subfig.sty
Package: subfig 2005/06/28 ver: 1.3 subfig package

(C:\CTEX\MiKTeX\tex\latex\caption\caption3.sty
Package: caption3 2011/11/01 v1.4a caption3 kernel (AR)
\captionmargin=\dimen196
\captionmargin@=\dimen197
\captionwidth=\dimen198
\caption@indent=\dimen199
\caption@parindent=\dimen200
\caption@hangindent=\dimen201
)
\c@KVtest=\count120
\sf@farskip=\skip49
\sf@captopadj=\dimen202
\sf@capskip=\skip50
\sf@nearskip=\skip51
\c@subfigure=\count121
\c@subfigure@save=\count122
\c@lofdepth=\count123
\c@subtable=\count124
\c@subtable@save=\count125
\c@lotdepth=\count126
\sf@top=\skip52
\sf@bottom=\skip53
)
(C:\CTEX\MiKTeX\tex\latex\arydshln\arydshln.sty
Package: arydshln 2004/08/31 v1.71 
\dashlinedash=\dimen203
\dashlinegap=\dimen204
\adl@box=\box40
\adl@height=\dimen205
\adl@heightsave=\dimen206
\adl@depth=\dimen207
\adl@depthsave=\dimen208
\adl@finaldepth=\dimen209
\adl@columns=\count127
\adl@ncol=\count128
\adl@currentcolumn=\count129
\adl@currentcolumnsave=\count130
\adl@totalheight=\count131
\adl@totalheightsave=\count132
\adl@dash=\count133
\adl@gap=\count134
\adl@cla=\count135
\adl@clb=\count136
\adl@everyvbox=\toks41
\adl@LTpagetotal=\dimen210
)
("E:\Topics on scattering amplitudes\TopicsOnScatteringAmplitudes\jheppub.sty"
Package: jheppub 2013/03/21 r534

(C:\CTEX\MiKTeX\tex\latex\ams\math\amsmath.sty
Package: amsmath 2000/07/18 v2.13 AMS math features
\@mathmargin=\skip54

For additional information on amsmath, use the `?' option.
(C:\CTEX\MiKTeX\tex\latex\ams\math\amstext.sty
Package: amstext 2000/06/29 v2.01

(C:\CTEX\MiKTeX\tex\latex\ams\math\amsgen.sty
File: amsgen.sty 1999/11/30 v2.0
\@emptytoks=\toks42
\ex@=\dimen211
))
(C:\CTEX\MiKTeX\tex\latex\ams\math\amsbsy.sty
Package: amsbsy 1999/11/29 v1.2d
\pmbraise@=\dimen212
)
(C:\CTEX\MiKTeX\tex\latex\ams\math\amsopn.sty
Package: amsopn 1999/12/14 v2.01 operator names
)
\inf@bad=\count137
LaTeX Info: Redefining \frac on input line 211.
\uproot@=\count138
\leftroot@=\count139
LaTeX Info: Redefining \overline on input line 307.
\classnum@=\count140
\DOTSCASE@=\count141
LaTeX Info: Redefining \ldots on input line 379.
LaTeX Info: Redefining \dots on input line 382.
LaTeX Info: Redefining \cdots on input line 467.
\Mathstrutbox@=\box41
\strutbox@=\box42
\big@size=\dimen213
LaTeX Font Info:    Redeclaring font encoding OML on input line 567.
LaTeX Font Info:    Redeclaring font encoding OMS on input line 568.
\macc@depth=\count142
\c@MaxMatrixCols=\count143
\dotsspace@=\muskip10
\c@parentequation=\count144
\dspbrk@lvl=\count145
\tag@help=\toks43
\row@=\count146
\column@=\count147
\maxfields@=\count148
\andhelp@=\toks44
\eqnshift@=\dimen214
\alignsep@=\dimen215
\tagshift@=\dimen216
\tagwidth@=\dimen217
\totwidth@=\dimen218
\lineht@=\dimen219
\@envbody=\toks45
\multlinegap=\skip55
\multlinetaggap=\skip56
\mathdisplay@stack=\toks46
LaTeX Info: Redefining \[ on input line 2666.
LaTeX Info: Redefining \] on input line 2667.
)
(C:\CTEX\MiKTeX\tex\latex\amsfonts\amssymb.sty
Package: amssymb 2009/06/22 v3.00

(C:\CTEX\MiKTeX\tex\latex\amsfonts\amsfonts.sty
Package: amsfonts 2009/06/22 v3.00 Basic AMSFonts support
\symAMSa=\mathgroup5
\symAMSb=\mathgroup6
LaTeX Font Info:    Overwriting math alphabet `\mathfrak' in version `bold'
(Font)                  U/euf/m/n --> U/euf/b/n on input line 96.
))
(C:\CTEX\MiKTeX\tex\latex\graphics\epsfig.sty
Package: epsfig 1999/02/16 v1.7a (e)psfig emulation (SPQR)
\epsfxsize=\dimen220
\epsfysize=\dimen221
)
(C:\CTEX\MiKTeX\tex\latex\natbib\natbib.sty
Package: natbib 2010/09/13 8.31b (PWD, AO)
\bibhang=\skip57
\bibsep=\skip58
LaTeX Info: Redefining \cite on input line 694.
\c@NAT@ctr=\count149
)
(C:\CTEX\MiKTeX\tex\latex\hyperref\hyperref.sty
Package: hyperref 2012/02/06 v6.82o Hypertext links for LaTeX

(C:\CTEX\MiKTeX\tex\generic\oberdiek\hobsub-hyperref.sty
Package: hobsub-hyperref 2011/04/23 v1.4 Bundle oberdiek, subset hyperref (HO)

(C:\CTEX\MiKTeX\tex\generic\oberdiek\hobsub-generic.sty
Package: hobsub-generic 2011/04/23 v1.4 Bundle oberdiek, subset generic (HO)
Package: hobsub 2011/04/23 v1.4 Subsetting bundle oberdiek (HO)
Package hobsub Info: Skipping package `infwarerr' (already loaded).
Package hobsub Info: Skipping package `ltxcmds' (already loaded).
Package: ifluatex 2010/03/01 v1.3 Provides the ifluatex switch (HO)
Package ifluatex Info: LuaTeX not detected.
Package hobsub Info: Skipping package `ifvtex' (already loaded).
Package: intcalc 2007/09/27 v1.1 Expandable integer calculations (HO)
Package hobsub Info: Skipping package `ifpdf' (already loaded).
Package: etexcmds 2011/02/16 v1.5 Prefix for e-TeX command names (HO)
Package etexcmds Info: Could not find \expanded.
(etexcmds)             That can mean that you are not using pdfTeX 1.50 or
(etexcmds)             that some package has redefined \expanded.
(etexcmds)             In the latter case, load this package earlier.
Package: kvsetkeys 2011/04/07 v1.13 Key value parser (HO)
Package: kvdefinekeys 2011/04/07 v1.3 Defining keys (HO)
Package: pdftexcmds 2011/04/22 v0.16 Utilities of pdfTeX for LuaTeX (HO)
Package pdftexcmds Info: LuaTeX not detected.
Package pdftexcmds Info: \pdf@primitive is available.
Package pdftexcmds Info: \pdf@ifprimitive is available.
Package pdftexcmds Info: \pdfdraftmode found.
Package: pdfescape 2011/04/04 v1.12 Provides string conversions (HO)
Package: bigintcalc 2011/01/30 v1.2 Expandable big integer calculations (HO)
Package: bitset 2011/01/30 v1.1 Data type bit set (HO)
Package: uniquecounter 2011/01/30 v1.2 Provides unlimited unique counter (HO)
)
Package hobsub Info: Skipping package `hobsub' (already loaded).
Package: letltxmacro 2010/09/02 v1.4 Let assignment for LaTeX macros (HO)
Package: hopatch 2011/01/30 v1.0 Wrapper for package hooks (HO)
Package: xcolor-patch 2011/01/30 xcolor patch
Package: atveryend 2011/04/23 v1.7 Hooks at very end of document (HO)
Package: atbegshi 2011/01/30 v1.15 At begin shipout hook (HO)
Package: refcount 2010/12/01 v3.2 Data extraction from references (HO)
Package: hycolor 2011/01/30 v1.7 Color options of hyperref/bookmark (HO)
)
(C:\CTEX\MiKTeX\tex\latex\oberdiek\kvoptions.sty
Package: kvoptions 2010/12/23 v3.10 Keyval support for LaTeX options (HO)
)
\@linkdim=\dimen222
\Hy@linkcounter=\count150
\Hy@pagecounter=\count151

(C:\CTEX\MiKTeX\tex\latex\hyperref\pd1enc.def
File: pd1enc.def 2012/02/06 v6.82o Hyperref: PDFDocEncoding definition (HO)
)
\Hy@SavedSpaceFactor=\count152

(C:\CTEX\MiKTeX\tex\latex\00miktex\hyperref.cfg
File: hyperref.cfg 2002/06/06 v1.2 hyperref configuration of TeXLive
)
Package hyperref Info: Option `colorlinks' set `true' on input line 3925.


Package hyperref Warning: Option `pagecolor' is not available anymore.

Package hyperref Info: Option `linktocpage' set `true' on input line 3925.
Package hyperref Info: Option `pdfa' set `true' on input line 3925.
Package hyperref Info: Hyper figures OFF on input line 4046.
Package hyperref Info: Link nesting OFF on input line 4051.
Package hyperref Info: Hyper index ON on input line 4054.
Package hyperref Info: Plain pages OFF on input line 4061.
Package hyperref Info: Backreferencing OFF on input line 4066.
Package hyperref Info: Implicit mode ON; LaTeX internals redefined.
Package hyperref Info: Bookmarks ON on input line 4284.
\c@Hy@tempcnt=\count153
(C:\CTEX\MiKTeX\tex\latex\ltxmisc\url.sty
\Urlmuskip=\muskip11
Package: url 2006/04/12  ver 3.3  Verb mode for urls, etc.
)
LaTeX Info: Redefining \url on input line 4637.
\Fld@menulength=\count154
\Field@Width=\dimen223
\Fld@charsize=\dimen224
Package hyperref Info: Hyper figures OFF on input line 5757.
Package hyperref Info: Link nesting OFF on input line 5762.
Package hyperref Info: Hyper index ON on input line 5765.
Package hyperref Info: backreferencing OFF on input line 5772.
Package hyperref Info: Link coloring ON on input line 5775.
Package hyperref Info: Link coloring with OCG OFF on input line 5782.
Package hyperref Info: PDF/A mode ON on input line 5785.
LaTeX Info: Redefining \ref on input line 5827.
LaTeX Info: Redefining \pageref on input line 5831.
\Hy@abspage=\count155
\c@Item=\count156
\c@Hfootnote=\count157
)

Package hyperref Message: Driver (autodetected): hpdftex.

(C:\CTEX\MiKTeX\tex\latex\hyperref\hpdftex.def
File: hpdftex.def 2012/02/06 v6.82o Hyperref driver for pdfTeX
Package hyperref Info: \pdfminorversion:=4 on input line 147.
\Fld@listcount=\count158
\c@bookmark@seq@number=\count159

(C:\CTEX\MiKTeX\tex\latex\oberdiek\rerunfilecheck.sty
Package: rerunfilecheck 2011/04/15 v1.7 Rerun checks for auxiliary files (HO)
Package uniquecounter Info: New unique counter `rerunfilecheck' on input line 2
82.
)
\Hy@SectionHShift=\skip59
)
\auth@toks=\toks47
\affil@toks=\toks48
\email@toks=\toks49
\c@email@counter=\count160
\affiliationsSep=\skip60
LaTeX Font Info:    Try loading font information for OT1+phv on input line 162.


(C:\CTEX\MiKTeX\tex\latex\psnfss\ot1phv.fd
File: ot1phv.fd 2001/06/04 scalable font definitions for OT1/phv.
))
(C:\CTEX\MiKTeX\tex\latex\shuffle\shuffle.sty
Package: shuffle 2008/10/27 Shuffle product symbol
\symShuffle=\mathgroup7
)
(C:\CTEX\MiKTeX\tex\latex\cases\cases.sty
Package: cases 2002/05/02 ver 2.5 
)
(C:\CTEX\MiKTeX\tex\generic\pgf\frontendlayer\tikz\libraries\tikzlibraryarrows.
code.tex
File: tikzlibraryarrows.code.tex 2008/01/09 v2.10 (rcs-revision 1.1)
 (C:\CTEX\MiKTeX\tex\generic\pgf\libraries\pgflibraryarrows.code.tex
File: pgflibraryarrows.code.tex 2008/10/27 v2.10 (rcs-revision 1.9)
\arrowsize=\dimen225
))
(C:\CTEX\MiKTeX\tex\generic\pgf\frontendlayer\tikz\libraries\tikzlibrarydecorat
ions.markings.code.tex
(C:\CTEX\MiKTeX\tex\generic\pgf\frontendlayer\tikz\libraries\tikzlibrarydecorat
ions.code.tex
(C:\CTEX\MiKTeX\tex\generic\pgf\modules\pgfmoduledecorations.code.tex
\pgfdecoratedcompleteddistance=\dimen226
\pgfdecoratedremainingdistance=\dimen227
\pgfdecoratedinputsegmentcompleteddistance=\dimen228
\pgfdecoratedinputsegmentremainingdistance=\dimen229
\pgf@decorate@distancetomove=\dimen230
\pgf@decorate@repeatstate=\count161
\pgfdecorationsegmentamplitude=\dimen231
\pgfdecorationsegmentlength=\dimen232
)
\tikz@lib@dec@box=\box43
)
(C:\CTEX\MiKTeX\tex\generic\pgf\libraries\decorations\pgflibrarydecorations.mar
kings.code.tex))
(C:\CTEX\MiKTeX\tex\generic\pgf\frontendlayer\tikz\libraries\tikzlibraryshapes.
arrows.code.tex
File: tikzlibraryshapes.arrows.code.tex 2008/01/09 v2.10 (rcs-revision 1.1)

(C:\CTEX\MiKTeX\tex\generic\pgf\libraries\shapes\pgflibraryshapes.arrows.code.t
ex
File: pgflibraryshapes.arrows.code.tex 2008/06/26 v2.10 (rcs-revision 1.1)
))
(C:\CTEX\MiKTeX\tex\generic\pgf\frontendlayer\tikz\libraries\tikzlibrarypattern
s.code.tex
File: tikzlibrarypatterns.code.tex 2008/01/15 v2.10 (rcs-revision 1.2)

(C:\CTEX\MiKTeX\tex\generic\pgf\libraries\pgflibrarypatterns.code.tex
File: pgflibrarypatterns.code.tex 2008/03/03 v2.10 (rcs-revision 1.13)
))
(C:\CTEX\MiKTeX\tex\generic\pgf\frontendlayer\tikz\libraries\tikzlibrarypositio
ning.code.tex
File: tikzlibrarypositioning.code.tex 2008/10/06 v2.10 (rcs-revision 1.7)
)
("E:\Topics on scattering amplitudes\TopicsOnScatteringAmplitudes\TopicsOnScatt
ering.aux"

LaTeX Warning: Label `Eq:ExpansionGR' multiply defined.

)
LaTeX Font Info:    Checking defaults for OML/cmm/m/it on input line 123.
LaTeX Font Info:    ... okay on input line 123.
LaTeX Font Info:    Checking defaults for T1/cmr/m/n on input line 123.
LaTeX Font Info:    ... okay on input line 123.
LaTeX Font Info:    Checking defaults for OT1/cmr/m/n on input line 123.
LaTeX Font Info:    ... okay on input line 123.
LaTeX Font Info:    Checking defaults for OMS/cmsy/m/n on input line 123.
LaTeX Font Info:    ... okay on input line 123.
LaTeX Font Info:    Checking defaults for OMX/cmex/m/n on input line 123.
LaTeX Font Info:    ... okay on input line 123.
LaTeX Font Info:    Checking defaults for U/cmr/m/n on input line 123.
LaTeX Font Info:    ... okay on input line 123.
LaTeX Font Info:    Checking defaults for PD1/pdf/m/n on input line 123.
LaTeX Font Info:    ... okay on input line 123.

*geometry* driver: auto-detecting
*geometry* detected driver: pdftex
*geometry* verbose mode - [ preamble ] result:
* driver: pdftex
* paper: a4paper
* layout: <same size as paper>
* layoutoffset:(h,v)=(0.0pt,0.0pt)
* modes: 
* h-part:(L,W,R)=(89.62709pt, 418.25368pt, 89.6271pt)
* v-part:(T,H,B)=(101.40665pt, 591.5302pt, 152.11pt)
* \paperwidth=597.50787pt
* \paperheight=845.04684pt
* \textwidth=505.89pt
* \textheight=614.295pt
* \oddsidemargin=54.2025pt
* \evensidemargin=54.2025pt
* \topmargin=54.2025pt
* \headheight=16.90454pt
* \headsep=25.35037pt
* \topskip=11.0pt
* \footskip=59.15945pt
* \marginparwidth=65.72623pt
* \marginparsep=9.0pt
* \columnsep=10.0pt
* \skip\footins=10.0pt plus 4.0pt minus 2.0pt
* \hoffset=-72.26999pt
* \voffset=-72.26999pt
* \mag=1000
* \@twocolumnfalse
* \@twosidefalse
* \@mparswitchfalse
* \@reversemarginfalse
* (1in=72.27pt=25.4mm, 1cm=28.453pt)

(C:\CTEX\MiKTeX\tex\context\base\supp-pdf.mkii
[Loading MPS to PDF converter (version 2006.09.02).]
\scratchcounter=\count162
\scratchdimen=\dimen233
\scratchbox=\box44
\nofMPsegments=\count163
\nofMParguments=\count164
\everyMPshowfont=\toks50
\MPscratchCnt=\count165
Normal \dimen register pool exhausted, switching to extended pool.
\MPscratchDim=\dimen256
\MPnumerator=\count166
\makeMPintoPDFobject=\count167
\everyMPtoPDFconversion=\toks51
) ABD: EveryShipout initializing macros
Package caption Info: Begin \AtBeginDocument code.
Package caption Info: subfig package v1.3 is loaded.
Package caption Info: End \AtBeginDocument code.
\AtBeginShipoutBox=\box45
Package hyperref Info: Link coloring ON on input line 123.

(C:\CTEX\MiKTeX\tex\latex\hyperref\nameref.sty
Package: nameref 2010/04/30 v2.40 Cross-referencing by name of section

(C:\CTEX\MiKTeX\tex\generic\oberdiek\gettitlestring.sty
Package: gettitlestring 2010/12/03 v1.4 Cleanup title references (HO)
)
\c@section@level=\count168
)
LaTeX Info: Redefining \ref on input line 123.
LaTeX Info: Redefining \pageref on input line 123.
LaTeX Info: Redefining \nameref on input line 123.

("E:\Topics on scattering amplitudes\TopicsOnScatteringAmplitudes\TopicsOnScatt
ering.out")
("E:\Topics on scattering amplitudes\TopicsOnScatteringAmplitudes\TopicsOnScatt
ering.out")
\@outlinefile=\write4
LaTeX Font Info:    Try loading font information for U+rsfs on input line 124.
 (C:\CTEX\MiKTeX\tex\latex\jknappen\ursfs.fd
File: ursfs.fd 1998/03/24 rsfs font definition file (jk)
)
LaTeX Font Info:    Try loading font information for U+msa on input line 124.

(C:\CTEX\MiKTeX\tex\latex\amsfonts\umsa.fd
File: umsa.fd 2009/06/22 v3.00 AMS symbols A
)
LaTeX Font Info:    Try loading font information for U+msb on input line 124.

(C:\CTEX\MiKTeX\tex\latex\amsfonts\umsb.fd
File: umsb.fd 2009/06/22 v3.00 AMS symbols B
)
LaTeX Font Info:    Try loading font information for U+shuffle on input line 12
4.

(C:\CTEX\MiKTeX\tex\latex\shuffle\ushuffle.fd
File: Ushuffle.fd 
) [0

{C:/CTEX/UserData/pdftex/config/pdftex.map{Unicode.sfd}{UGBK.sfd}}]
("E:\Topics on scattering amplitudes\TopicsOnScatteringAmplitudes\TopicsOnScatt
ering.toc")
\tf@toc=\write5
 [1] <Sign.jpg, id=85, 326.1786pt x 116.5956pt>
File: Sign.jpg Graphic file (type jpg)
 <use Sign.jpg>
Package pdftex.def Info: Sign.jpg used on input line 179.
(pdftex.def)             Requested size: 252.94499pt x 90.41757pt.

<BS4pt.jpg, id=86, 235.3593pt x 156.1032pt>
File: BS4pt.jpg Graphic file (type jpg)
 <use BS4pt.jpg>
Package pdftex.def Info: BS4pt.jpg used on input line 185.
(pdftex.def)             Requested size: 252.94499pt x 167.77667pt.
 [2]

Package amsmath Warning: Foreign command \over;
(amsmath)                \frac or \genfrac should be used instead
(amsmath)                 on input line 193.


Underfull \vbox (badness 1314) has occurred while \output is active []

 [3 <E:/Topics on scattering amplitudes/TopicsOnScatteringAmplitudes/Sign.jpg> 
<E:/Topics on scattering amplitudes/TopicsOnScatteringAmplitudes/BS4pt.jpg>]
<Lines.jpg, id=116, 212.9556pt x 70.3428pt>
File: Lines.jpg Graphic file (type jpg)
 <use Lines.jpg>
Package pdftex.def Info: Lines.jpg used on input line 215.
(pdftex.def)             Requested size: 227.64894pt x 75.19627pt.

<Components.jpg, id=117, 216.5691pt x 144.0582pt>
File: Components.jpg Graphic file (type jpg)
 <use Components.jpg>
Package pdftex.def Info: Components.jpg used on input line 220.
(pdftex.def)             Requested size: 227.64894pt x 151.4304pt.
 [4 <E:/Topics on scattering amplitudes/TopicsOnScatteringAmplitudes/Lines.jpg>
]
[5 <E:/Topics on scattering amplitudes/TopicsOnScatteringAmplitudes/Components.
jpg>]
Overfull \hbox (1.55475pt too wide) in alignment at lines 251--253
 [][][] []
 []

[6]
("E:\Topics on scattering amplitudes\TopicsOnScatteringAmplitudes\TopicsOnScatt
ering.bbl"

Package natbib Warning: Empty `thebibliography' environment on input line 3.

)
Package atveryend Info: Empty hook `BeforeClearDocument' on input line 290.
 [7]
Package atveryend Info: Empty hook `AfterLastShipout' on input line 290.

("E:\Topics on scattering amplitudes\TopicsOnScatteringAmplitudes\TopicsOnScatt
ering.aux")
Package atveryend Info: Executing hook `AtVeryEndDocument' on input line 290.
Package atveryend Info: Executing hook `AtEndAfterFileList' on input line 290.
Package rerunfilecheck Info: File `TopicsOnScattering.out' has not changed.
(rerunfilecheck)             Checksum: 1711CC6BA816E916D2FA0C02692769F0;625.


LaTeX Warning: There were multiply-defined labels.

 ) 
Here is how much of TeX's memory you used:
 18266 strings out of 495354
 322893 string characters out of 3183859
 425855 words of memory out of 3000000
 20961 multiletter control sequences out of 15000+200000
 19914 words of font info for 82 fonts, out of 3000000 for 9000
 14 hyphenation exceptions out of 8191
 56i,12n,92p,2004b,437s stack positions out of 5000i,500n,10000p,200000b,50000s
 <C:\CTEX\UserData\fonts\pk\ljfour\public\shuffle\dpi657\shuffle10.pk><C:/CTE
X/MiKTeX/fonts/type1/public/amsfonts/cm/cmbx10.pfb><C:/CTEX/MiKTeX/fonts/type1/
public/amsfonts/cm/cmbx12.pfb><C:/CTEX/MiKTeX/fonts/type1/public/amsfonts/cm/cm
bx8.pfb><C:/CTEX/MiKTeX/fonts/type1/public/amsfonts/cm/cmbxti10.pfb><C:/CTEX/Mi
KTeX/fonts/type1/public/amsfonts/cm/cmcsc10.pfb><C:/CTEX/MiKTeX/fonts/type1/pub
lic/amsfonts/cm/cmex10.pfb><C:/CTEX/MiKTeX/fonts/type1/public/amsfonts/cm/cmmi1
0.pfb><C:/CTEX/MiKTeX/fonts/type1/public/amsfonts/cm/cmmi6.pfb><C:/CTEX/MiKTeX/
fonts/type1/public/amsfonts/cm/cmmi7.pfb><C:/CTEX/MiKTeX/fonts/type1/public/ams
fonts/cm/cmmi8.pfb><C:/CTEX/MiKTeX/fonts/type1/public/amsfonts/cm/cmmi9.pfb><C:
/CTEX/MiKTeX/fonts/type1/public/amsfonts/cm/cmr10.pfb><C:/CTEX/MiKTeX/fonts/typ
e1/public/amsfonts/cm/cmr6.pfb><C:/CTEX/MiKTeX/fonts/type1/public/amsfonts/cm/c
mr7.pfb><C:/CTEX/MiKTeX/fonts/type1/public/amsfonts/cm/cmr8.pfb><C:/CTEX/MiKTeX
/fonts/type1/public/amsfonts/cm/cmr9.pfb><C:/CTEX/MiKTeX/fonts/type1/public/ams
fonts/cm/cmss10.pfb><C:/CTEX/MiKTeX/fonts/type1/public/amsfonts/cm/cmssbx10.pfb
><C:/CTEX/MiKTeX/fonts/type1/public/amsfonts/cm/cmsy10.pfb><C:/CTEX/MiKTeX/font
s/type1/public/amsfonts/cm/cmsy6.pfb><C:/CTEX/MiKTeX/fonts/type1/public/amsfont
s/cm/cmsy8.pfb><C:/CTEX/MiKTeX/fonts/type1/public/amsfonts/cm/cmti10.pfb><C:/CT
EX/MiKTeX/fonts/type1/public/amsfonts/cm/cmtt10.pfb><C:/CTEX/MiKTeX/fonts/type1
/public/amsfonts/symbols/msbm10.pfb><C:/CTEX/MiKTeX/fonts/type1/hoekwater/rsfs/
rsfs10.pfb>
Output written on TopicsOnScattering.pdf (8 pages, 2221739 bytes).
PDF statistics:
 259 PDF objects out of 1000 (max. 8388607)
 41 named destinations out of 1000 (max. 500000)
 105 words of extra memory for PDF output out of 10000 (max. 10000000)

